<?xml version="1.0" encoding="utf-8"?>
<TestRun id="1f2a9231-9bac-44d1-bc25-5e942cc879db" name="@archlinux 2026-09-01 00:24:56" xmlns="http://microsoft.com/schemas/VisualStudio/TeamTest/2010">
  <Times creation="2026-09-01T00:24:56.5984488+02:00" queuing="2026-09-01T00:24:56.5984489+02:00" start="2026-09-01T00:24:55.4796810+02:00" finish="2026-09-01T00:24:56.6618351+02:00" />
  <TestSettings name="default" id="ace2d058-f95e-4cb2-a165-e4c006564ed7">
    <Deployment runDeploymentRoot="_archlinux_2026-09-01_00_24_56" />
  </TestSettings>
  <Results>
    <UnitTestResult executionId="38b9cd6d-4ce4-4666-b334-03447a767cea" testId="7b94590c-306c-6d45-ee14-1bee3ee638e5" testName="A1Testsuite.Implementierungen.b_bmad_2_Tests.TF_B_F2_1_Kategoriebaum" computerName="archlinux" duration="00:00:00.0035225" startTime="2026-09-01T00:24:56.5140159+02:00" endTime="2026-09-01T00:24:56.5175589+02:00" testType="13cdc9d9-ddb5-4fa4-a97d-d965ccfc6d4b" outcome="Passed" testListId="8c84fa94-04c1-424b-9868-57a2d4851a1d" relativeResultsDirectory="38b9cd6d-4ce4-4666-b334-03447a767cea" />
    <UnitTestResult executionId="67e1bafa-5a68-414c-9de3-436299190f95" testId="8bcd8072-b61b-9a3e-a76a-71712a23645b" testName="A1Testsuite.Implementierungen.b_bmad_2_Tests.TF_B_F4_2_Sortierung_Name_absteigend" computerName="archlinux" duration="00:00:00.0250876" startTime="2026-09-01T00:24:56.5177425+02:00" endTime="2026-09-01T00:24:56.5431447+02:00" testType="13cdc9d9-ddb5-4fa4-a97d-d965ccfc6d4b" outcome="Failed" testListId="8c84fa94-04c1-424b-9868-57a2d4851a1d" relativeResultsDirectory="67e1bafa-5a68-414c-9de3-436299190f95">
      <Output>
        <ErrorInfo>
          <Message>Assert.NotEmpty() Failure: Collection was empty</Message>
          <StackTrace>   at A1Testsuite.Basisklassen.ProjektBTestsBase.TF_B_F4_2_Sortierung_Name_absteigend() in /home/alex/dev/Bachelor/bmad-vergleichsstudie/a1-testsuite/xunit-project/Basisklassen/ProjektBTestsBase.cs:line 131
--- End of stack trace from previous location ---</StackTrace>
        </ErrorInfo>
      </Output>
    </UnitTestResult>
    <UnitTestResult executionId="6f99f059-3d60-4821-b4a4-0f159a8d06d4" testId="8b2f2ff4-2c87-bdd4-7042-79ed25cbac2b" testName="A1Testsuite.Implementierungen.b_bmad_2_Tests.TF_B_F7_1_Detailansicht_mit_Lieferanten" computerName="archlinux" duration="00:00:00.0045338" startTime="2026-09-01T00:24:56.5864075+02:00" endTime="2026-09-01T00:24:56.5911470+02:00" testType="13cdc9d9-ddb5-4fa4-a97d-d965ccfc6d4b" outcome="Failed" testListId="8c84fa94-04c1-424b-9868-57a2d4851a1d" relativeResultsDirectory="6f99f059-3d60-4821-b4a4-0f159a8d06d4">
      <Output>
        <ErrorInfo>
          <Message>Produkt 'Ohrhörer Modell Compact' nicht ueber SucheProdukte gefunden.</Message>
          <StackTrace>   at A1Testsuite.Basisklassen.ProjektBTestsBase.FindeProduktId(String name) in /home/alex/dev/Bachelor/bmad-vergleichsstudie/a1-testsuite/xunit-project/Basisklassen/ProjektBTestsBase.cs:line 38
   at A1Testsuite.Basisklassen.ProjektBTestsBase.TF_B_F7_1_Detailansicht_mit_Lieferanten() in /home/alex/dev/Bachelor/bmad-vergleichsstudie/a1-testsuite/xunit-project/Basisklassen/ProjektBTestsBase.cs:line 182
--- End of stack trace from previous location ---</StackTrace>
        </ErrorInfo>
      </Output>
    </UnitTestResult>
    <UnitTestResult executionId="a0cd0f2e-704c-4ee7-a4a7-e4c72b003107" testId="92169d6f-8100-9273-7ce5-ec0b2f344e31" testName="A1Testsuite.Implementierungen.b_bmad_2_Tests.TF_B_F12_1_und_2_Bewertung_abgeben_und_ersetzen" computerName="archlinux" duration="00:00:00.0037678" startTime="2026-09-01T00:24:56.5580044+02:00" endTime="2026-09-01T00:24:56.5619770+02:00" testType="13cdc9d9-ddb5-4fa4-a97d-d965ccfc6d4b" outcome="Failed" testListId="8c84fa94-04c1-424b-9868-57a2d4851a1d" relativeResultsDirectory="a0cd0f2e-704c-4ee7-a4a7-e4c72b003107">
      <Output>
        <ErrorInfo>
          <Message>Produkt 'Bügelkopfhörer Studio' nicht ueber SucheProdukte gefunden.</Message>
          <StackTrace>   at A1Testsuite.Basisklassen.ProjektBTestsBase.FindeProduktId(String name) in /home/alex/dev/Bachelor/bmad-vergleichsstudie/a1-testsuite/xunit-project/Basisklassen/ProjektBTestsBase.cs:line 38
   at A1Testsuite.Basisklassen.ProjektBTestsBase.TF_B_F12_1_und_2_Bewertung_abgeben_und_ersetzen() in /home/alex/dev/Bachelor/bmad-vergleichsstudie/a1-testsuite/xunit-project/Basisklassen/ProjektBTestsBase.cs:line 270
--- End of stack trace from previous location ---</StackTrace>
        </ErrorInfo>
      </Output>
    </UnitTestResult>
    <UnitTestResult executionId="f3ca8577-a478-42b2-b9e5-7b248e7d044e" testId="116910a9-604b-053b-4540-80dd54618b32" testName="A1Testsuite.Implementierungen.b_bmad_2_Tests.TF_B_F8_1_bis_TF_B_F11_1_Warenkorb_und_Bestellablauf" computerName="archlinux" duration="00:00:00.0053645" startTime="2026-09-01T00:24:56.4573274+02:00" endTime="2026-09-01T00:24:56.4629308+02:00" testType="13cdc9d9-ddb5-4fa4-a97d-d965ccfc6d4b" outcome="Failed" testListId="8c84fa94-04c1-424b-9868-57a2d4851a1d" relativeResultsDirectory="f3ca8577-a478-42b2-b9e5-7b248e7d044e">
      <Output>
        <ErrorInfo>
          <Message>Produkt 'Ohrhörer Modell Compact' nicht ueber SucheProdukte gefunden.</Message>
          <StackTrace>   at A1Testsuite.Basisklassen.ProjektBTestsBase.FindeProduktId(String name) in /home/alex/dev/Bachelor/bmad-vergleichsstudie/a1-testsuite/xunit-project/Basisklassen/ProjektBTestsBase.cs:line 38
   at A1Testsuite.Basisklassen.ProjektBTestsBase.TF_B_F8_1_bis_TF_B_F11_1_Warenkorb_und_Bestellablauf() in /home/alex/dev/Bachelor/bmad-vergleichsstudie/a1-testsuite/xunit-project/Basisklassen/ProjektBTestsBase.cs:line 210
--- End of stack trace from previous location ---</StackTrace>
        </ErrorInfo>
      </Output>
    </UnitTestResult>
    <UnitTestResult executionId="e8146e14-f963-4d56-812a-38947f4efef8" testId="b237d653-adbc-7526-c099-b9a9fe1d0207" testName="A1Testsuite.Implementierungen.b_bmad_2_Tests.TF_B_F13_1_und_2_Aufrufzaehler_und_Sortierung" computerName="archlinux" duration="00:00:00.0070473" startTime="2026-09-01T00:24:56.4494817+02:00" endTime="2026-09-01T00:24:56.4570223+02:00" testType="13cdc9d9-ddb5-4fa4-a97d-d965ccfc6d4b" outcome="Failed" testListId="8c84fa94-04c1-424b-9868-57a2d4851a1d" relativeResultsDirectory="e8146e14-f963-4d56-812a-38947f4efef8">
      <Output>
        <ErrorInfo>
          <Message>Produkt 'Smart-Displayhülle' nicht ueber SucheProdukte gefunden.</Message>
          <StackTrace>   at A1Testsuite.Basisklassen.ProjektBTestsBase.FindeProduktId(String name) in /home/alex/dev/Bachelor/bmad-vergleichsstudie/a1-testsuite/xunit-project/Basisklassen/ProjektBTestsBase.cs:line 38
   at A1Testsuite.Basisklassen.ProjektBTestsBase.TF_B_F13_1_und_2_Aufrufzaehler_und_Sortierung() in /home/alex/dev/Bachelor/bmad-vergleichsstudie/a1-testsuite/xunit-project/Basisklassen/ProjektBTestsBase.cs:line 289
--- End of stack trace from previous location ---</StackTrace>
        </ErrorInfo>
      </Output>
    </UnitTestResult>
    <UnitTestResult executionId="7a5a2b19-1e3f-49a0-990a-fea8f8131a5b" testId="3411d9ce-913d-66dc-5302-8d3b0b3981cc" testName="A1Testsuite.Implementierungen.b_bmad_2_Tests.TF_B_F5_1_Volltextsuche" computerName="archlinux" duration="00:00:00.0290105" startTime="2026-09-01T00:24:56.4067624+02:00" endTime="2026-09-01T00:24:56.4487044+02:00" testType="13cdc9d9-ddb5-4fa4-a97d-d965ccfc6d4b" outcome="Failed" testListId="8c84fa94-04c1-424b-9868-57a2d4851a1d" relativeResultsDirectory="7a5a2b19-1e3f-49a0-990a-fea8f8131a5b">
      <Output>
        <ErrorInfo>
          <Message>Assert.Equal() Failure: HashSets differ
Expected: ["Allzweckreiniger Zitrus", "Fensterreiniger Klar"]
Actual:   []</Message>
          <StackTrace>   at A1Testsuite.Basisklassen.ProjektBTestsBase.TF_B_F5_1_Volltextsuche() in /home/alex/dev/Bachelor/bmad-vergleichsstudie/a1-testsuite/xunit-project/Basisklassen/ProjektBTestsBase.cs:line 141
--- End of stack trace from previous location ---</StackTrace>
        </ErrorInfo>
      </Output>
    </UnitTestResult>
    <UnitTestResult executionId="8810c48a-30f3-425f-b06d-9af614bb7213" testId="0c8f68c7-576a-da2e-3d3d-02eaeeabe8f6" testName="A1Testsuite.Implementierungen.b_bmad_2_Tests.TF_B_F6_1_Filterung_nach_Eigenschaft" computerName="archlinux" duration="00:00:00.3490779" startTime="2026-09-01T00:24:56.0484403+02:00" endTime="2026-09-01T00:24:56.4029701+02:00" testType="13cdc9d9-ddb5-4fa4-a97d-d965ccfc6d4b" outcome="Passed" testListId="8c84fa94-04c1-424b-9868-57a2d4851a1d" relativeResultsDirectory="8810c48a-30f3-425f-b06d-9af614bb7213" />
    <UnitTestResult executionId="ec803f9b-c830-4d45-80e4-986f732db475" testId="c49cd02b-6e2d-7a05-80f7-0e6493923966" testName="A1Testsuite.Implementierungen.b_bmad_2_Tests.TF_B_F1_2_Alle_Seiten_zusammen_ergeben_alle_vierzehn_Produkte" computerName="archlinux" duration="00:00:00.0142259" startTime="2026-09-01T00:24:56.5433547+02:00" endTime="2026-09-01T00:24:56.5577815+02:00" testType="13cdc9d9-ddb5-4fa4-a97d-d965ccfc6d4b" outcome="Failed" testListId="8c84fa94-04c1-424b-9868-57a2d4851a1d" relativeResultsDirectory="ec803f9b-c830-4d45-80e4-986f732db475">
      <Output>
        <ErrorInfo>
          <Message>Assert.Equal() Failure: Values differ
Expected: 14
Actual:   0</Message>
          <StackTrace>   at A1Testsuite.Basisklassen.ProjektBTestsBase.TF_B_F1_2_Alle_Seiten_zusammen_ergeben_alle_vierzehn_Produkte() in /home/alex/dev/Bachelor/bmad-vergleichsstudie/a1-testsuite/xunit-project/Basisklassen/ProjektBTestsBase.cs:line 84
--- End of stack trace from previous location ---</StackTrace>
        </ErrorInfo>
      </Output>
    </UnitTestResult>
    <UnitTestResult executionId="39830cd4-dac4-43ea-b8d3-d792a461ed5e" testId="8fed6923-46a4-e2df-23c9-cb5b41b915f0" testName="A1Testsuite.Implementierungen.b_bmad_2_Tests.TF_B_F14_1_Leerer_Warenkorb_wird_abgelehnt" computerName="archlinux" duration="00:00:00.0458934" startTime="2026-09-01T00:24:56.4632210+02:00" endTime="2026-09-01T00:24:56.5091505+02:00" testType="13cdc9d9-ddb5-4fa4-a97d-d965ccfc6d4b" outcome="Passed" testListId="8c84fa94-04c1-424b-9868-57a2d4851a1d" relativeResultsDirectory="39830cd4-dac4-43ea-b8d3-d792a461ed5e" />
    <UnitTestResult executionId="8059b382-2664-4d12-bee5-65ca65d5afa0" testId="5353fbec-4a24-d247-e460-b4775d17826f" testName="A1Testsuite.Implementierungen.b_bmad_2_Tests.TF_B_F4_1_Sortierung_Preis_aufsteigend" computerName="archlinux" duration="00:00:00.0238239" startTime="2026-09-01T00:24:56.5621689+02:00" endTime="2026-09-01T00:24:56.5861959+02:00" testType="13cdc9d9-ddb5-4fa4-a97d-d965ccfc6d4b" outcome="Failed" testListId="8c84fa94-04c1-424b-9868-57a2d4851a1d" relativeResultsDirectory="8059b382-2664-4d12-bee5-65ca65d5afa0">
      <Output>
        <ErrorInfo>
          <Message>Assert.NotEmpty() Failure: Collection was empty</Message>
          <StackTrace>   at A1Testsuite.Basisklassen.ProjektBTestsBase.TF_B_F4_1_Sortierung_Preis_aufsteigend() in /home/alex/dev/Bachelor/bmad-vergleichsstudie/a1-testsuite/xunit-project/Basisklassen/ProjektBTestsBase.cs:line 122
--- End of stack trace from previous location ---</StackTrace>
        </ErrorInfo>
      </Output>
    </UnitTestResult>
    <UnitTestResult executionId="c7416ede-1a9a-4a32-a57a-2e449ac3c3e6" testId="60b7f0a5-234f-70ae-9548-fe4fab552ee8" testName="A1Testsuite.Implementierungen.b_bmad_2_Tests.TF_B_F3_1_Einschraenkung_auf_Kategorie" computerName="archlinux" duration="00:00:00.0184651" startTime="2026-09-01T00:24:56.5953197+02:00" endTime="2026-09-01T00:24:56.6140010+02:00" testType="13cdc9d9-ddb5-4fa4-a97d-d965ccfc6d4b" outcome="Failed" testListId="8c84fa94-04c1-424b-9868-57a2d4851a1d" relativeResultsDirectory="c7416ede-1a9a-4a32-a57a-2e449ac3c3e6">
      <Output>
        <ErrorInfo>
          <Message>Assert.Equal() Failure: HashSets differ
Expected: ["Ohrhörer Modell Compact", "Bügelkopfhörer Studio", "Noise-Cancelling Over-Ear XR"]
Actual:   []</Message>
          <StackTrace>   at A1Testsuite.Basisklassen.ProjektBTestsBase.TF_B_F3_1_Einschraenkung_auf_Kategorie() in /home/alex/dev/Bachelor/bmad-vergleichsstudie/a1-testsuite/xunit-project/Basisklassen/ProjektBTestsBase.cs:line 112
--- End of stack trace from previous location ---</StackTrace>
        </ErrorInfo>
      </Output>
    </UnitTestResult>
    <UnitTestResult executionId="1e586808-e2b0-4649-860d-2b0a93f91863" testId="32f89836-8eb9-f0ad-df78-247e2e4019e3" testName="A1Testsuite.Implementierungen.b_bmad_2_Tests.TF_B_F1_1_Erste_Seite_zeigt_Teilmenge_und_korrekte_Gesamtzahl" computerName="archlinux" duration="00:00:00.0036762" startTime="2026-09-01T00:24:56.5913311+02:00" endTime="2026-09-01T00:24:56.5951515+02:00" testType="13cdc9d9-ddb5-4fa4-a97d-d965ccfc6d4b" outcome="Failed" testListId="8c84fa94-04c1-424b-9868-57a2d4851a1d" relativeResultsDirectory="1e586808-e2b0-4649-860d-2b0a93f91863">
      <Output>
        <ErrorInfo>
          <Message>Assert.Equal() Failure: Values differ
Expected: 14
Actual:   0</Message>
          <StackTrace>   at A1Testsuite.Basisklassen.ProjektBTestsBase.TF_B_F1_1_Erste_Seite_zeigt_Teilmenge_und_korrekte_Gesamtzahl() in /home/alex/dev/Bachelor/bmad-vergleichsstudie/a1-testsuite/xunit-project/Basisklassen/ProjektBTestsBase.cs:line 66
--- End of stack trace from previous location ---</StackTrace>
        </ErrorInfo>
      </Output>
    </UnitTestResult>
    <UnitTestResult executionId="24d09711-1cd4-4181-ad85-0ce0caf7c5ad" testId="2cd3f2c3-d013-83a6-f623-ab9e707accac" testName="A1Testsuite.Implementierungen.b_bmad_2_Tests.TF_B_F14_2_Unzulaessige_Menge_wird_abgelehnt" computerName="archlinux" duration="00:00:00.0041204" startTime="2026-09-01T00:24:56.5094357+02:00" endTime="2026-09-01T00:24:56.5138132+02:00" testType="13cdc9d9-ddb5-4fa4-a97d-d965ccfc6d4b" outcome="Failed" testListId="8c84fa94-04c1-424b-9868-57a2d4851a1d" relativeResultsDirectory="24d09711-1cd4-4181-ad85-0ce0caf7c5ad">
      <Output>
        <ErrorInfo>
          <Message>Produkt 'Standmixer Pro 900' nicht ueber SucheProdukte gefunden.</Message>
          <StackTrace>   at A1Testsuite.Basisklassen.ProjektBTestsBase.FindeProduktId(String name) in /home/alex/dev/Bachelor/bmad-vergleichsstudie/a1-testsuite/xunit-project/Basisklassen/ProjektBTestsBase.cs:line 38
   at A1Testsuite.Basisklassen.ProjektBTestsBase.TF_B_F14_2_Unzulaessige_Menge_wird_abgelehnt() in /home/alex/dev/Bachelor/bmad-vergleichsstudie/a1-testsuite/xunit-project/Basisklassen/ProjektBTestsBase.cs:line 330
--- End of stack trace from previous location ---</StackTrace>
        </ErrorInfo>
      </Output>
    </UnitTestResult>
  </Results>
  <TestDefinitions>
    <UnitTest name="A1Testsuite.Implementierungen.b_bmad_2_Tests.TF_B_F8_1_bis_TF_B_F11_1_Warenkorb_und_Bestellablauf" storage="/home/alex/dev/bachelor/bmad-vergleichsstudie/a1-testsuite/xunit-project/bin/debug/net10.0/xunit-project.dll" id="116910a9-604b-053b-4540-80dd54618b32">
      <Execution id="f3ca8577-a478-42b2-b9e5-7b248e7d044e" />
      <TestMethod codeBase="/home/alex/dev/Bachelor/bmad-vergleichsstudie/a1-testsuite/xunit-project/bin/Debug/net10.0/xunit-project.dll" adapterTypeName="executor://xunit/VsTestRunner3/netcore/" className="A1Testsuite.Implementierungen.b_bmad_2_Tests" name="TF_B_F8_1_bis_TF_B_F11_1_Warenkorb_und_Bestellablauf" />
    </UnitTest>
    <UnitTest name="A1Testsuite.Implementierungen.b_bmad_2_Tests.TF_B_F2_1_Kategoriebaum" storage="/home/alex/dev/bachelor/bmad-vergleichsstudie/a1-testsuite/xunit-project/bin/debug/net10.0/xunit-project.dll" id="7b94590c-306c-6d45-ee14-1bee3ee638e5">
      <Execution id="38b9cd6d-4ce4-4666-b334-03447a767cea" />
      <TestMethod codeBase="/home/alex/dev/Bachelor/bmad-vergleichsstudie/a1-testsuite/xunit-project/bin/Debug/net10.0/xunit-project.dll" adapterTypeName="executor://xunit/VsTestRunner3/netcore/" className="A1Testsuite.Implementierungen.b_bmad_2_Tests" name="TF_B_F2_1_Kategoriebaum" />
    </UnitTest>
    <UnitTest name="A1Testsuite.Implementierungen.b_bmad_2_Tests.TF_B_F1_2_Alle_Seiten_zusammen_ergeben_alle_vierzehn_Produkte" storage="/home/alex/dev/bachelor/bmad-vergleichsstudie/a1-testsuite/xunit-project/bin/debug/net10.0/xunit-project.dll" id="c49cd02b-6e2d-7a05-80f7-0e6493923966">
      <Execution id="ec803f9b-c830-4d45-80e4-986f732db475" />
      <TestMethod codeBase="/home/alex/dev/Bachelor/bmad-vergleichsstudie/a1-testsuite/xunit-project/bin/Debug/net10.0/xunit-project.dll" adapterTypeName="executor://xunit/VsTestRunner3/netcore/" className="A1Testsuite.Implementierungen.b_bmad_2_Tests" name="TF_B_F1_2_Alle_Seiten_zusammen_ergeben_alle_vierzehn_Produkte" />
    </UnitTest>
    <UnitTest name="A1Testsuite.Implementierungen.b_bmad_2_Tests.TF_B_F4_2_Sortierung_Name_absteigend" storage="/home/alex/dev/bachelor/bmad-vergleichsstudie/a1-testsuite/xunit-project/bin/debug/net10.0/xunit-project.dll" id="8bcd8072-b61b-9a3e-a76a-71712a23645b">
      <Execution id="67e1bafa-5a68-414c-9de3-436299190f95" />
      <TestMethod codeBase="/home/alex/dev/Bachelor/bmad-vergleichsstudie/a1-testsuite/xunit-project/bin/Debug/net10.0/xunit-project.dll" adapterTypeName="executor://xunit/VsTestRunner3/netcore/" className="A1Testsuite.Implementierungen.b_bmad_2_Tests" name="TF_B_F4_2_Sortierung_Name_absteigend" />
    </UnitTest>
    <UnitTest name="A1Testsuite.Implementierungen.b_bmad_2_Tests.TF_B_F14_2_Unzulaessige_Menge_wird_abgelehnt" storage="/home/alex/dev/bachelor/bmad-vergleichsstudie/a1-testsuite/xunit-project/bin/debug/net10.0/xunit-project.dll" id="2cd3f2c3-d013-83a6-f623-ab9e707accac">
      <Execution id="24d09711-1cd4-4181-ad85-0ce0caf7c5ad" />
      <TestMethod codeBase="/home/alex/dev/Bachelor/bmad-vergleichsstudie/a1-testsuite/xunit-project/bin/Debug/net10.0/xunit-project.dll" adapterTypeName="executor://xunit/VsTestRunner3/netcore/" className="A1Testsuite.Implementierungen.b_bmad_2_Tests" name="TF_B_F14_2_Unzulaessige_Menge_wird_abgelehnt" />
    </UnitTest>
    <UnitTest name="A1Testsuite.Implementierungen.b_bmad_2_Tests.TF_B_F1_1_Erste_Seite_zeigt_Teilmenge_und_korrekte_Gesamtzahl" storage="/home/alex/dev/bachelor/bmad-vergleichsstudie/a1-testsuite/xunit-project/bin/debug/net10.0/xunit-project.dll" id="32f89836-8eb9-f0ad-df78-247e2e4019e3">
      <Execution id="1e586808-e2b0-4649-860d-2b0a93f91863" />
      <TestMethod codeBase="/home/alex/dev/Bachelor/bmad-vergleichsstudie/a1-testsuite/xunit-project/bin/Debug/net10.0/xunit-project.dll" adapterTypeName="executor://xunit/VsTestRunner3/netcore/" className="A1Testsuite.Implementierungen.b_bmad_2_Tests" name="TF_B_F1_1_Erste_Seite_zeigt_Teilmenge_und_korrekte_Gesamtzahl" />
    </UnitTest>
    <UnitTest name="A1Testsuite.Implementierungen.b_bmad_2_Tests.TF_B_F3_1_Einschraenkung_auf_Kategorie" storage="/home/alex/dev/bachelor/bmad-vergleichsstudie/a1-testsuite/xunit-project/bin/debug/net10.0/xunit-project.dll" id="60b7f0a5-234f-70ae-9548-fe4fab552ee8">
      <Execution id="c7416ede-1a9a-4a32-a57a-2e449ac3c3e6" />
      <TestMethod codeBase="/home/alex/dev/Bachelor/bmad-vergleichsstudie/a1-testsuite/xunit-project/bin/Debug/net10.0/xunit-project.dll" adapterTypeName="executor://xunit/VsTestRunner3/netcore/" className="A1Testsuite.Implementierungen.b_bmad_2_Tests" name="TF_B_F3_1_Einschraenkung_auf_Kategorie" />
    </UnitTest>
    <UnitTest name="A1Testsuite.Implementierungen.b_bmad_2_Tests.TF_B_F12_1_und_2_Bewertung_abgeben_und_ersetzen" storage="/home/alex/dev/bachelor/bmad-vergleichsstudie/a1-testsuite/xunit-project/bin/debug/net10.0/xunit-project.dll" id="92169d6f-8100-9273-7ce5-ec0b2f344e31">
      <Execution id="a0cd0f2e-704c-4ee7-a4a7-e4c72b003107" />
      <TestMethod codeBase="/home/alex/dev/Bachelor/bmad-vergleichsstudie/a1-testsuite/xunit-project/bin/Debug/net10.0/xunit-project.dll" adapterTypeName="executor://xunit/VsTestRunner3/netcore/" className="A1Testsuite.Implementierungen.b_bmad_2_Tests" name="TF_B_F12_1_und_2_Bewertung_abgeben_und_ersetzen" />
    </UnitTest>
    <UnitTest name="A1Testsuite.Implementierungen.b_bmad_2_Tests.TF_B_F5_1_Volltextsuche" storage="/home/alex/dev/bachelor/bmad-vergleichsstudie/a1-testsuite/xunit-project/bin/debug/net10.0/xunit-project.dll" id="3411d9ce-913d-66dc-5302-8d3b0b3981cc">
      <Execution id="7a5a2b19-1e3f-49a0-990a-fea8f8131a5b" />
      <TestMethod codeBase="/home/alex/dev/Bachelor/bmad-vergleichsstudie/a1-testsuite/xunit-project/bin/Debug/net10.0/xunit-project.dll" adapterTypeName="executor://xunit/VsTestRunner3/netcore/" className="A1Testsuite.Implementierungen.b_bmad_2_Tests" name="TF_B_F5_1_Volltextsuche" />
    </UnitTest>
    <UnitTest name="A1Testsuite.Implementierungen.b_bmad_2_Tests.TF_B_F6_1_Filterung_nach_Eigenschaft" storage="/home/alex/dev/bachelor/bmad-vergleichsstudie/a1-testsuite/xunit-project/bin/debug/net10.0/xunit-project.dll" id="0c8f68c7-576a-da2e-3d3d-02eaeeabe8f6">
      <Execution id="8810c48a-30f3-425f-b06d-9af614bb7213" />
      <TestMethod codeBase="/home/alex/dev/Bachelor/bmad-vergleichsstudie/a1-testsuite/xunit-project/bin/Debug/net10.0/xunit-project.dll" adapterTypeName="executor://xunit/VsTestRunner3/netcore/" className="A1Testsuite.Implementierungen.b_bmad_2_Tests" name="TF_B_F6_1_Filterung_nach_Eigenschaft" />
    </UnitTest>
    <UnitTest name="A1Testsuite.Implementierungen.b_bmad_2_Tests.TF_B_F14_1_Leerer_Warenkorb_wird_abgelehnt" storage="/home/alex/dev/bachelor/bmad-vergleichsstudie/a1-testsuite/xunit-project/bin/debug/net10.0/xunit-project.dll" id="8fed6923-46a4-e2df-23c9-cb5b41b915f0">
      <Execution id="39830cd4-dac4-43ea-b8d3-d792a461ed5e" />
      <TestMethod codeBase="/home/alex/dev/Bachelor/bmad-vergleichsstudie/a1-testsuite/xunit-project/bin/Debug/net10.0/xunit-project.dll" adapterTypeName="executor://xunit/VsTestRunner3/netcore/" className="A1Testsuite.Implementierungen.b_bmad_2_Tests" name="TF_B_F14_1_Leerer_Warenkorb_wird_abgelehnt" />
    </UnitTest>
    <UnitTest name="A1Testsuite.Implementierungen.b_bmad_2_Tests.TF_B_F13_1_und_2_Aufrufzaehler_und_Sortierung" storage="/home/alex/dev/bachelor/bmad-vergleichsstudie/a1-testsuite/xunit-project/bin/debug/net10.0/xunit-project.dll" id="b237d653-adbc-7526-c099-b9a9fe1d0207">
      <Execution id="e8146e14-f963-4d56-812a-38947f4efef8" />
      <TestMethod codeBase="/home/alex/dev/Bachelor/bmad-vergleichsstudie/a1-testsuite/xunit-project/bin/Debug/net10.0/xunit-project.dll" adapterTypeName="executor://xunit/VsTestRunner3/netcore/" className="A1Testsuite.Implementierungen.b_bmad_2_Tests" name="TF_B_F13_1_und_2_Aufrufzaehler_und_Sortierung" />
    </UnitTest>
    <UnitTest name="A1Testsuite.Implementierungen.b_bmad_2_Tests.TF_B_F7_1_Detailansicht_mit_Lieferanten" storage="/home/alex/dev/bachelor/bmad-vergleichsstudie/a1-testsuite/xunit-project/bin/debug/net10.0/xunit-project.dll" id="8b2f2ff4-2c87-bdd4-7042-79ed25cbac2b">
      <Execution id="6f99f059-3d60-4821-b4a4-0f159a8d06d4" />
      <TestMethod codeBase="/home/alex/dev/Bachelor/bmad-vergleichsstudie/a1-testsuite/xunit-project/bin/Debug/net10.0/xunit-project.dll" adapterTypeName="executor://xunit/VsTestRunner3/netcore/" className="A1Testsuite.Implementierungen.b_bmad_2_Tests" name="TF_B_F7_1_Detailansicht_mit_Lieferanten" />
    </UnitTest>
    <UnitTest name="A1Testsuite.Implementierungen.b_bmad_2_Tests.TF_B_F4_1_Sortierung_Preis_aufsteigend" storage="/home/alex/dev/bachelor/bmad-vergleichsstudie/a1-testsuite/xunit-project/bin/debug/net10.0/xunit-project.dll" id="5353fbec-4a24-d247-e460-b4775d17826f">
      <Execution id="8059b382-2664-4d12-bee5-65ca65d5afa0" />
      <TestMethod codeBase="/home/alex/dev/Bachelor/bmad-vergleichsstudie/a1-testsuite/xunit-project/bin/Debug/net10.0/xunit-project.dll" adapterTypeName="executor://xunit/VsTestRunner3/netcore/" className="A1Testsuite.Implementierungen.b_bmad_2_Tests" name="TF_B_F4_1_Sortierung_Preis_aufsteigend" />
    </UnitTest>
  </TestDefinitions>
  <TestEntries>
    <TestEntry testId="7b94590c-306c-6d45-ee14-1bee3ee638e5" executionId="38b9cd6d-4ce4-4666-b334-03447a767cea" testListId="8c84fa94-04c1-424b-9868-57a2d4851a1d" />
    <TestEntry testId="8bcd8072-b61b-9a3e-a76a-71712a23645b" executionId="67e1bafa-5a68-414c-9de3-436299190f95" testListId="8c84fa94-04c1-424b-9868-57a2d4851a1d" />
    <TestEntry testId="8b2f2ff4-2c87-bdd4-7042-79ed25cbac2b" executionId="6f99f059-3d60-4821-b4a4-0f159a8d06d4" testListId="8c84fa94-04c1-424b-9868-57a2d4851a1d" />
    <TestEntry testId="92169d6f-8100-9273-7ce5-ec0b2f344e31" executionId="a0cd0f2e-704c-4ee7-a4a7-e4c72b003107" testListId="8c84fa94-04c1-424b-9868-57a2d4851a1d" />
    <TestEntry testId="116910a9-604b-053b-4540-80dd54618b32" executionId="f3ca8577-a478-42b2-b9e5-7b248e7d044e" testListId="8c84fa94-04c1-424b-9868-57a2d4851a1d" />
    <TestEntry testId="b237d653-adbc-7526-c099-b9a9fe1d0207" executionId="e8146e14-f963-4d56-812a-38947f4efef8" testListId="8c84fa94-04c1-424b-9868-57a2d4851a1d" />
    <TestEntry testId="3411d9ce-913d-66dc-5302-8d3b0b3981cc" executionId="7a5a2b19-1e3f-49a0-990a-fea8f8131a5b" testListId="8c84fa94-04c1-424b-9868-57a2d4851a1d" />
    <TestEntry testId="0c8f68c7-576a-da2e-3d3d-02eaeeabe8f6" executionId="8810c48a-30f3-425f-b06d-9af614bb7213" testListId="8c84fa94-04c1-424b-9868-57a2d4851a1d" />
    <TestEntry testId="c49cd02b-6e2d-7a05-80f7-0e6493923966" executionId="ec803f9b-c830-4d45-80e4-986f732db475" testListId="8c84fa94-04c1-424b-9868-57a2d4851a1d" />
    <TestEntry testId="8fed6923-46a4-e2df-23c9-cb5b41b915f0" executionId="39830cd4-dac4-43ea-b8d3-d792a461ed5e" testListId="8c84fa94-04c1-424b-9868-57a2d4851a1d" />
    <TestEntry testId="5353fbec-4a24-d247-e460-b4775d17826f" executionId="8059b382-2664-4d12-bee5-65ca65d5afa0" testListId="8c84fa94-04c1-424b-9868-57a2d4851a1d" />
    <TestEntry testId="60b7f0a5-234f-70ae-9548-fe4fab552ee8" executionId="c7416ede-1a9a-4a32-a57a-2e449ac3c3e6" testListId="8c84fa94-04c1-424b-9868-57a2d4851a1d" />
    <TestEntry testId="32f89836-8eb9-f0ad-df78-247e2e4019e3" executionId="1e586808-e2b0-4649-860d-2b0a93f91863" testListId="8c84fa94-04c1-424b-9868-57a2d4851a1d" />
    <TestEntry testId="2cd3f2c3-d013-83a6-f623-ab9e707accac" executionId="24d09711-1cd4-4181-ad85-0ce0caf7c5ad" testListId="8c84fa94-04c1-424b-9868-57a2d4851a1d" />
  </TestEntries>
  <TestLists>
    <TestList name="Results Not in a List" id="8c84fa94-04c1-424b-9868-57a2d4851a1d" />
    <TestList name="All Loaded Results" id="19431567-8539-422a-85d7-44ee4e166bda" />
  </TestLists>
  <ResultSummary outcome="Failed">
    <Counters total="14" executed="14" passed="3" failed="11" error="0" timeout="0" aborted="0" inconclusive="0" passedButRunAborted="0" notRunnable="0" notExecuted="0" disconnected="0" warning="0" completed="0" inProgress="0" pending="0" />
    <Output>
      <StdOut>[xUnit.net 00:00:00.00] xUnit.net VSTest Adapter v3.1.5+1b188a7b0a (64-bit .NET 10.0.11)
[xUnit.net 00:00:00.09]   Discovering: xunit-project
[xUnit.net 00:00:00.21]   Discovered:  xunit-project
[xUnit.net 00:00:00.31]   Starting:    xunit-project
[xUnit.net 00:00:00.74]       Assert.Equal() Failure: HashSets differ
[xUnit.net 00:00:00.74]       Expected: ["Allzweckreiniger Zitrus", "Fensterreiniger Klar"]
[xUnit.net 00:00:00.74]       Actual:   []
[xUnit.net 00:00:00.74]       Stack Trace:
[xUnit.net 00:00:00.74]         /home/alex/dev/Bachelor/bmad-vergleichsstudie/a1-testsuite/xunit-project/Basisklassen/ProjektBTestsBase.cs(141,0): at A1Testsuite.Basisklassen.ProjektBTestsBase.TF_B_F5_1_Volltextsuche()
[xUnit.net 00:00:00.74]         --- End of stack trace from previous location ---
[xUnit.net 00:00:00.74]       Produkt 'Smart-Displayhülle' nicht ueber SucheProdukte gefunden.
[xUnit.net 00:00:00.74]       Stack Trace:
[xUnit.net 00:00:00.74]         /home/alex/dev/Bachelor/bmad-vergleichsstudie/a1-testsuite/xunit-project/Basisklassen/ProjektBTestsBase.cs(38,0): at A1Testsuite.Basisklassen.ProjektBTestsBase.FindeProduktId(String name)
[xUnit.net 00:00:00.74]         /home/alex/dev/Bachelor/bmad-vergleichsstudie/a1-testsuite/xunit-project/Basisklassen/ProjektBTestsBase.cs(289,0): at A1Testsuite.Basisklassen.ProjektBTestsBase.TF_B_F13_1_und_2_Aufrufzaehler_und_Sortierung()
[xUnit.net 00:00:00.74]         --- End of stack trace from previous location ---
[xUnit.net 00:00:00.75]       Produkt 'Ohrhörer Modell Compact' nicht ueber SucheProdukte gefunden.
[xUnit.net 00:00:00.75]       Stack Trace:
[xUnit.net 00:00:00.75]         /home/alex/dev/Bachelor/bmad-vergleichsstudie/a1-testsuite/xunit-project/Basisklassen/ProjektBTestsBase.cs(38,0): at A1Testsuite.Basisklassen.ProjektBTestsBase.FindeProduktId(String name)
[xUnit.net 00:00:00.75]         /home/alex/dev/Bachelor/bmad-vergleichsstudie/a1-testsuite/xunit-project/Basisklassen/ProjektBTestsBase.cs(210,0): at A1Testsuite.Basisklassen.ProjektBTestsBase.TF_B_F8_1_bis_TF_B_F11_1_Warenkorb_und_Bestellablauf()
[xUnit.net 00:00:00.75]         --- End of stack trace from previous location ---
[xUnit.net 00:00:00.80]       Produkt 'Standmixer Pro 900' nicht ueber SucheProdukte gefunden.
[xUnit.net 00:00:00.80]       Stack Trace:
[xUnit.net 00:00:00.80]         /home/alex/dev/Bachelor/bmad-vergleichsstudie/a1-testsuite/xunit-project/Basisklassen/ProjektBTestsBase.cs(38,0): at A1Testsuite.Basisklassen.ProjektBTestsBase.FindeProduktId(String name)
[xUnit.net 00:00:00.80]         /home/alex/dev/Bachelor/bmad-vergleichsstudie/a1-testsuite/xunit-project/Basisklassen/ProjektBTestsBase.cs(330,0): at A1Testsuite.Basisklassen.ProjektBTestsBase.TF_B_F14_2_Unzulaessige_Menge_wird_abgelehnt()
[xUnit.net 00:00:00.80]         --- End of stack trace from previous location ---
[xUnit.net 00:00:00.83]       Assert.NotEmpty() Failure: Collection was empty
[xUnit.net 00:00:00.83]       Stack Trace:
[xUnit.net 00:00:00.83]         /home/alex/dev/Bachelor/bmad-vergleichsstudie/a1-testsuite/xunit-project/Basisklassen/ProjektBTestsBase.cs(131,0): at A1Testsuite.Basisklassen.ProjektBTestsBase.TF_B_F4_2_Sortierung_Name_absteigend()
[xUnit.net 00:00:00.83]         --- End of stack trace from previous location ---
[xUnit.net 00:00:00.84]       Assert.Equal() Failure: Values differ
[xUnit.net 00:00:00.84]       Expected: 14
[xUnit.net 00:00:00.84]       Actual:   0
[xUnit.net 00:00:00.84]       Stack Trace:
[xUnit.net 00:00:00.84]         /home/alex/dev/Bachelor/bmad-vergleichsstudie/a1-testsuite/xunit-project/Basisklassen/ProjektBTestsBase.cs(84,0): at A1Testsuite.Basisklassen.ProjektBTestsBase.TF_B_F1_2_Alle_Seiten_zusammen_ergeben_alle_vierzehn_Produkte()
[xUnit.net 00:00:00.84]         --- End of stack trace from previous location ---
[xUnit.net 00:00:00.86]       Produkt 'Bügelkopfhörer Studio' nicht ueber SucheProdukte gefunden.
[xUnit.net 00:00:00.86]       Stack Trace:
[xUnit.net 00:00:00.86]         /home/alex/dev/Bachelor/bmad-vergleichsstudie/a1-testsuite/xunit-project/Basisklassen/ProjektBTestsBase.cs(38,0): at A1Testsuite.Basisklassen.ProjektBTestsBase.FindeProduktId(String name)
[xUnit.net 00:00:00.86]         /home/alex/dev/Bachelor/bmad-vergleichsstudie/a1-testsuite/xunit-project/Basisklassen/ProjektBTestsBase.cs(270,0): at A1Testsuite.Basisklassen.ProjektBTestsBase.TF_B_F12_1_und_2_Bewertung_abgeben_und_ersetzen()
[xUnit.net 00:00:00.86]         --- End of stack trace from previous location ---
[xUnit.net 00:00:00.87]       Assert.NotEmpty() Failure: Collection was empty
[xUnit.net 00:00:00.87]       Stack Trace:
[xUnit.net 00:00:00.87]         /home/alex/dev/Bachelor/bmad-vergleichsstudie/a1-testsuite/xunit-project/Basisklassen/ProjektBTestsBase.cs(122,0): at A1Testsuite.Basisklassen.ProjektBTestsBase.TF_B_F4_1_Sortierung_Preis_aufsteigend()
[xUnit.net 00:00:00.87]         --- End of stack trace from previous location ---
[xUnit.net 00:00:00.88]       Produkt 'Ohrhörer Modell Compact' nicht ueber SucheProdukte gefunden.
[xUnit.net 00:00:00.88]       Stack Trace:
[xUnit.net 00:00:00.88]         /home/alex/dev/Bachelor/bmad-vergleichsstudie/a1-testsuite/xunit-project/Basisklassen/ProjektBTestsBase.cs(38,0): at A1Testsuite.Basisklassen.ProjektBTestsBase.FindeProduktId(String name)
[xUnit.net 00:00:00.88]         /home/alex/dev/Bachelor/bmad-vergleichsstudie/a1-testsuite/xunit-project/Basisklassen/ProjektBTestsBase.cs(182,0): at A1Testsuite.Basisklassen.ProjektBTestsBase.TF_B_F7_1_Detailansicht_mit_Lieferanten()
[xUnit.net 00:00:00.88]         --- End of stack trace from previous location ---
[xUnit.net 00:00:00.88]       Assert.Equal() Failure: Values differ
[xUnit.net 00:00:00.88]       Expected: 14
[xUnit.net 00:00:00.88]       Actual:   0
[xUnit.net 00:00:00.88]       Stack Trace:
[xUnit.net 00:00:00.88]         /home/alex/dev/Bachelor/bmad-vergleichsstudie/a1-testsuite/xunit-project/Basisklassen/ProjektBTestsBase.cs(66,0): at A1Testsuite.Basisklassen.ProjektBTestsBase.TF_B_F1_1_Erste_Seite_zeigt_Teilmenge_und_korrekte_Gesamtzahl()
[xUnit.net 00:00:00.88]         --- End of stack trace from previous location ---
[xUnit.net 00:00:00.90]       Assert.Equal() Failure: HashSets differ
[xUnit.net 00:00:00.90]       Expected: ["Ohrhörer Modell Compact", "Bügelkopfhörer Studio", "Noise-Cancelling Over-Ear XR"]
[xUnit.net 00:00:00.90]       Actual:   []
[xUnit.net 00:00:00.90]       Stack Trace:
[xUnit.net 00:00:00.90]         /home/alex/dev/Bachelor/bmad-vergleichsstudie/a1-testsuite/xunit-project/Basisklassen/ProjektBTestsBase.cs(112,0): at A1Testsuite.Basisklassen.ProjektBTestsBase.TF_B_F3_1_Einschraenkung_auf_Kategorie()
[xUnit.net 00:00:00.90]         --- End of stack trace from previous location ---
[xUnit.net 00:00:00.91]   Finished:    xunit-project (ID = '330f316446b6846cebb4bbd40aeeffc0d3c832fa1513aa6723e5d8647986172a')
</StdOut>
    </Output>
    <RunInfos>
      <RunInfo computerName="archlinux" outcome="Error" timestamp="2026-09-01T00:24:56.4539576+02:00">
        <Text>[xUnit.net 00:00:00.74]     A1Testsuite.Implementierungen.b_bmad_2_Tests.TF_B_F5_1_Volltextsuche [FAIL]</Text>
      </RunInfo>
      <RunInfo computerName="archlinux" outcome="Error" timestamp="2026-09-01T00:24:56.4576010+02:00">
        <Text>[xUnit.net 00:00:00.74]     A1Testsuite.Implementierungen.b_bmad_2_Tests.TF_B_F13_1_und_2_Aufrufzaehler_und_Sortierung [FAIL]</Text>
      </RunInfo>
      <RunInfo computerName="archlinux" outcome="Error" timestamp="2026-09-01T00:24:56.4632993+02:00">
        <Text>[xUnit.net 00:00:00.75]     A1Testsuite.Implementierungen.b_bmad_2_Tests.TF_B_F8_1_bis_TF_B_F11_1_Warenkorb_und_Bestellablauf [FAIL]</Text>
      </RunInfo>
      <RunInfo computerName="archlinux" outcome="Error" timestamp="2026-09-01T00:24:56.5142901+02:00">
        <Text>[xUnit.net 00:00:00.80]     A1Testsuite.Implementierungen.b_bmad_2_Tests.TF_B_F14_2_Unzulaessige_Menge_wird_abgelehnt [FAIL]</Text>
      </RunInfo>
      <RunInfo computerName="archlinux" outcome="Error" timestamp="2026-09-01T00:24:56.5437157+02:00">
        <Text>[xUnit.net 00:00:00.83]     A1Testsuite.Implementierungen.b_bmad_2_Tests.TF_B_F4_2_Sortierung_Name_absteigend [FAIL]</Text>
      </RunInfo>
      <RunInfo computerName="archlinux" outcome="Error" timestamp="2026-09-01T00:24:56.5581873+02:00">
        <Text>[xUnit.net 00:00:00.84]     A1Testsuite.Implementierungen.b_bmad_2_Tests.TF_B_F1_2_Alle_Seiten_zusammen_ergeben_alle_vierzehn_Produkte [FAIL]</Text>
      </RunInfo>
      <RunInfo computerName="archlinux" outcome="Error" timestamp="2026-09-01T00:24:56.6080158+02:00">
        <Text>[xUnit.net 00:00:00.86]     A1Testsuite.Implementierungen.b_bmad_2_Tests.TF_B_F12_1_und_2_Bewertung_abgeben_und_ersetzen [FAIL]</Text>
      </RunInfo>
      <RunInfo computerName="archlinux" outcome="Error" timestamp="2026-09-01T00:24:56.6080365+02:00">
        <Text>[xUnit.net 00:00:00.87]     A1Testsuite.Implementierungen.b_bmad_2_Tests.TF_B_F4_1_Sortierung_Preis_aufsteigend [FAIL]</Text>
      </RunInfo>
      <RunInfo computerName="archlinux" outcome="Error" timestamp="2026-09-01T00:24:56.6080508+02:00">
        <Text>[xUnit.net 00:00:00.88]     A1Testsuite.Implementierungen.b_bmad_2_Tests.TF_B_F7_1_Detailansicht_mit_Lieferanten [FAIL]</Text>
      </RunInfo>
      <RunInfo computerName="archlinux" outcome="Error" timestamp="2026-09-01T00:24:56.6080677+02:00">
        <Text>[xUnit.net 00:00:00.88]     A1Testsuite.Implementierungen.b_bmad_2_Tests.TF_B_F1_1_Erste_Seite_zeigt_Teilmenge_und_korrekte_Gesamtzahl [FAIL]</Text>
      </RunInfo>
      <RunInfo computerName="archlinux" outcome="Error" timestamp="2026-09-01T00:24:56.6144333+02:00">
        <Text>[xUnit.net 00:00:00.90]     A1Testsuite.Implementierungen.b_bmad_2_Tests.TF_B_F3_1_Einschraenkung_auf_Kategorie [FAIL]</Text>
      </RunInfo>
    </RunInfos>
  </ResultSummary>
</TestRun>