<?xml version="1.0" encoding="utf-8"?>
<TestRun id="8f8e2c88-d1b6-4215-81d9-e08cdf227e20" name="@archlinux 2026-08-31 23:05:00" xmlns="http://microsoft.com/schemas/VisualStudio/TeamTest/2010">
  <Times creation="2026-08-31T23:05:00.6351934+02:00" queuing="2026-08-31T23:05:00.6351934+02:00" start="2026-08-31T23:04:59.1919131+02:00" finish="2026-08-31T23:05:00.6670520+02:00" />
  <TestSettings name="default" id="d678b593-8e92-404e-98a1-8f428e092702">
    <Deployment runDeploymentRoot="_archlinux_2026-08-31_23_05_00" />
  </TestSettings>
  <Results>
    <UnitTestResult executionId="d0dc89a2-98b1-4452-8985-7c2f19ff449a" testId="ae8f1975-862c-b3a8-1e25-8a452b7b431a" testName="A1Testsuite.Implementierungen.a_solo_2_Tests.TF_A_F5_1_Sitzplan_mit_beidseitigen_Seitengaengen" computerName="archlinux" duration="00:00:00.0235344" startTime="2026-08-31T23:05:00.3664993+02:00" endTime="2026-08-31T23:05:00.3900730+02:00" testType="13cdc9d9-ddb5-4fa4-a97d-d965ccfc6d4b" outcome="Passed" testListId="8c84fa94-04c1-424b-9868-57a2d4851a1d" relativeResultsDirectory="d0dc89a2-98b1-4452-8985-7c2f19ff449a" />
    <UnitTestResult executionId="5311cfc4-3df9-4c22-8625-419f6971f527" testId="a976a881-bb77-e672-d939-e5f3b29bd349" testName="A1Testsuite.Implementierungen.a_solo_2_Tests.TF_A_F6_1_Belegte_und_freie_Plaetze_sowie_Gang" computerName="archlinux" duration="00:00:00.0099831" startTime="2026-08-31T23:05:00.5885957+02:00" endTime="2026-08-31T23:05:00.5986260+02:00" testType="13cdc9d9-ddb5-4fa4-a97d-d965ccfc6d4b" outcome="Passed" testListId="8c84fa94-04c1-424b-9868-57a2d4851a1d" relativeResultsDirectory="5311cfc4-3df9-4c22-8625-419f6971f527" />
    <UnitTestResult executionId="31f4d0a3-3668-46ed-877f-7c96635db89a" testId="5362aaaf-183c-501b-4dcf-d1e14fd59b52" testName="A1Testsuite.Implementierungen.a_solo_2_Tests.TF_A_F10_1_bis_TF_A_F12_1_Buchung_anlegen_abrufen_stornieren" computerName="archlinux" duration="00:00:00.1487201" startTime="2026-08-31T23:05:00.3987955+02:00" endTime="2026-08-31T23:05:00.5475880+02:00" testType="13cdc9d9-ddb5-4fa4-a97d-d965ccfc6d4b" outcome="Passed" testListId="8c84fa94-04c1-424b-9868-57a2d4851a1d" relativeResultsDirectory="31f4d0a3-3668-46ed-877f-7c96635db89a" />
    <UnitTestResult executionId="4d8497e1-c332-4345-83ef-49203730d71d" testId="6b6a1c11-3cd9-aa74-42df-c463b55dad00" testName="A1Testsuite.Implementierungen.a_solo_2_Tests.TF_A_F13_1_Buchung_mit_zwei_freien_Plaetzen_wird_angelegt" computerName="archlinux" duration="00:00:00.5845596" startTime="2026-08-31T23:04:59.7532306+02:00" endTime="2026-08-31T23:05:00.3430797+02:00" testType="13cdc9d9-ddb5-4fa4-a97d-d965ccfc6d4b" outcome="Passed" testListId="8c84fa94-04c1-424b-9868-57a2d4851a1d" relativeResultsDirectory="4d8497e1-c332-4345-83ef-49203730d71d" />
    <UnitTestResult executionId="ac6bc4d6-633f-46a6-858a-0dc68d08bd4c" testId="c61538a4-7c56-1077-3f6e-73d563e91cfc" testName="A1Testsuite.Implementierungen.a_solo_2_Tests.TF_A_F8_1_Preiskategorien" computerName="archlinux" duration="00:00:00.0043738" startTime="2026-08-31T23:05:00.6110660+02:00" endTime="2026-08-31T23:05:00.6154683+02:00" testType="13cdc9d9-ddb5-4fa4-a97d-d965ccfc6d4b" outcome="Passed" testListId="8c84fa94-04c1-424b-9868-57a2d4851a1d" relativeResultsDirectory="ac6bc4d6-633f-46a6-858a-0dc68d08bd4c" />
    <UnitTestResult executionId="a3b1475c-6625-4d11-b411-fba3336fd02b" testId="b3681a7d-668b-2b9f-66ef-9f7afe67d536" testName="A1Testsuite.Implementierungen.a_solo_2_Tests.TF_A_F2_1_Filter_nach_Datumsbereich" computerName="archlinux" duration="00:00:00.0114763" startTime="2026-08-31T23:05:00.5990606+02:00" endTime="2026-08-31T23:05:00.6105861+02:00" testType="13cdc9d9-ddb5-4fa4-a97d-d965ccfc6d4b" outcome="Passed" testListId="8c84fa94-04c1-424b-9868-57a2d4851a1d" relativeResultsDirectory="a3b1475c-6625-4d11-b411-fba3336fd02b" />
    <UnitTestResult executionId="84902d3c-9285-4840-ab5e-840e3dfb766d" testId="9f06c883-5408-5954-e54f-37f1606bd833" testName="A1Testsuite.Implementierungen.a_solo_2_Tests.TF_A_F5_2_Sitzplan_ohne_Gang" computerName="archlinux" duration="00:00:00.0040051" startTime="2026-08-31T23:05:00.6157118+02:00" endTime="2026-08-31T23:05:00.6197377+02:00" testType="13cdc9d9-ddb5-4fa4-a97d-d965ccfc6d4b" outcome="Passed" testListId="8c84fa94-04c1-424b-9868-57a2d4851a1d" relativeResultsDirectory="84902d3c-9285-4840-ab5e-840e3dfb766d" />
    <UnitTestResult executionId="b3a48b28-5f91-44c1-9c19-6dc9b2f51db3" testId="1c58a369-2f1c-a3fd-fefd-c6e8d844f38c" testName="A1Testsuite.Implementierungen.a_solo_2_Tests.TF_A_F4_1_Detailansicht" computerName="archlinux" duration="00:00:00.0077127" startTime="2026-08-31T23:05:00.3905764+02:00" endTime="2026-08-31T23:05:00.3983367+02:00" testType="13cdc9d9-ddb5-4fa4-a97d-d965ccfc6d4b" outcome="Passed" testListId="8c84fa94-04c1-424b-9868-57a2d4851a1d" relativeResultsDirectory="b3a48b28-5f91-44c1-9c19-6dc9b2f51db3" />
    <UnitTestResult executionId="1c51fa32-b914-4980-a186-7cd3ae1d7d36" testId="70229f03-729e-dcb4-fba5-233ef08b9b86" testName="A1Testsuite.Implementierungen.a_solo_2_Tests.TF_A_F3_1_Filter_nach_Spielstaette" computerName="archlinux" duration="00:00:00.0081083" startTime="2026-08-31T23:05:00.3580249+02:00" endTime="2026-08-31T23:05:00.3661616+02:00" testType="13cdc9d9-ddb5-4fa4-a97d-d965ccfc6d4b" outcome="Passed" testListId="8c84fa94-04c1-424b-9868-57a2d4851a1d" relativeResultsDirectory="1c51fa32-b914-4980-a186-7cd3ae1d7d36" />
    <UnitTestResult executionId="10c07c7f-4325-4db2-a66a-07c0ae6ee7c1" testId="f01d1da1-d37e-4bdf-3290-14261fb16889" testName="A1Testsuite.Implementierungen.a_solo_2_Tests.TF_A_F7_1_Auswahl_freier_Sitzplaetze" computerName="archlinux" duration="00:00:00.0107223" startTime="2026-08-31T23:05:00.3469746+02:00" endTime="2026-08-31T23:05:00.3577355+02:00" testType="13cdc9d9-ddb5-4fa4-a97d-d965ccfc6d4b" outcome="Passed" testListId="8c84fa94-04c1-424b-9868-57a2d4851a1d" relativeResultsDirectory="10c07c7f-4325-4db2-a66a-07c0ae6ee7c1" />
    <UnitTestResult executionId="1759c8d9-8f13-4e45-b6a2-76290698c6a6" testId="9f04bf3b-a460-37ec-56a5-807b26a108f2" testName="A1Testsuite.Implementierungen.a_solo_2_Tests.TF_A_F9_1_Gesamtpreisberechnung" computerName="archlinux" duration="00:00:00.0091292" startTime="2026-08-31T23:05:00.5485687+02:00" endTime="2026-08-31T23:05:00.5577612+02:00" testType="13cdc9d9-ddb5-4fa4-a97d-d965ccfc6d4b" outcome="Passed" testListId="8c84fa94-04c1-424b-9868-57a2d4851a1d" relativeResultsDirectory="1759c8d9-8f13-4e45-b6a2-76290698c6a6" />
    <UnitTestResult executionId="bede4308-d745-44bf-976e-7352e626f9d2" testId="ba9b7212-f6d7-f376-8fec-d640233bd20d" testName="A1Testsuite.Implementierungen.a_solo_2_Tests.TF_A_F1_1_Veranstaltungsliste_ohne_Filter" computerName="archlinux" duration="00:00:00.0043659" startTime="2026-08-31T23:05:00.5837314+02:00" endTime="2026-08-31T23:05:00.5881409+02:00" testType="13cdc9d9-ddb5-4fa4-a97d-d965ccfc6d4b" outcome="Passed" testListId="8c84fa94-04c1-424b-9868-57a2d4851a1d" relativeResultsDirectory="bede4308-d745-44bf-976e-7352e626f9d2" />
    <UnitTestResult executionId="806606c2-0996-4873-984c-7e33241fca25" testId="748d9ea1-8e5e-a787-e26e-e14bb97bcd09" testName="A1Testsuite.Implementierungen.a_solo_2_Tests.TF_A_F13_2_Ablehnung_bei_bereits_belegtem_Platz" computerName="archlinux" duration="00:00:00.0245788" startTime="2026-08-31T23:05:00.5585110+02:00" endTime="2026-08-31T23:05:00.5831575+02:00" testType="13cdc9d9-ddb5-4fa4-a97d-d965ccfc6d4b" outcome="Passed" testListId="8c84fa94-04c1-424b-9868-57a2d4851a1d" relativeResultsDirectory="806606c2-0996-4873-984c-7e33241fca25" />
  </Results>
  <TestDefinitions>
    <UnitTest name="A1Testsuite.Implementierungen.a_solo_2_Tests.TF_A_F4_1_Detailansicht" storage="/home/alex/dev/bachelor/bmad-vergleichsstudie/a1-testsuite/xunit-project/bin/debug/net10.0/xunit-project.dll" id="1c58a369-2f1c-a3fd-fefd-c6e8d844f38c">
      <Execution id="b3a48b28-5f91-44c1-9c19-6dc9b2f51db3" />
      <TestMethod codeBase="/home/alex/dev/Bachelor/bmad-vergleichsstudie/a1-testsuite/xunit-project/bin/Debug/net10.0/xunit-project.dll" adapterTypeName="executor://xunit/VsTestRunner3/netcore/" className="A1Testsuite.Implementierungen.a_solo_2_Tests" name="TF_A_F4_1_Detailansicht" />
    </UnitTest>
    <UnitTest name="A1Testsuite.Implementierungen.a_solo_2_Tests.TF_A_F3_1_Filter_nach_Spielstaette" storage="/home/alex/dev/bachelor/bmad-vergleichsstudie/a1-testsuite/xunit-project/bin/debug/net10.0/xunit-project.dll" id="70229f03-729e-dcb4-fba5-233ef08b9b86">
      <Execution id="1c51fa32-b914-4980-a186-7cd3ae1d7d36" />
      <TestMethod codeBase="/home/alex/dev/Bachelor/bmad-vergleichsstudie/a1-testsuite/xunit-project/bin/Debug/net10.0/xunit-project.dll" adapterTypeName="executor://xunit/VsTestRunner3/netcore/" className="A1Testsuite.Implementierungen.a_solo_2_Tests" name="TF_A_F3_1_Filter_nach_Spielstaette" />
    </UnitTest>
    <UnitTest name="A1Testsuite.Implementierungen.a_solo_2_Tests.TF_A_F10_1_bis_TF_A_F12_1_Buchung_anlegen_abrufen_stornieren" storage="/home/alex/dev/bachelor/bmad-vergleichsstudie/a1-testsuite/xunit-project/bin/debug/net10.0/xunit-project.dll" id="5362aaaf-183c-501b-4dcf-d1e14fd59b52">
      <Execution id="31f4d0a3-3668-46ed-877f-7c96635db89a" />
      <TestMethod codeBase="/home/alex/dev/Bachelor/bmad-vergleichsstudie/a1-testsuite/xunit-project/bin/Debug/net10.0/xunit-project.dll" adapterTypeName="executor://xunit/VsTestRunner3/netcore/" className="A1Testsuite.Implementierungen.a_solo_2_Tests" name="TF_A_F10_1_bis_TF_A_F12_1_Buchung_anlegen_abrufen_stornieren" />
    </UnitTest>
    <UnitTest name="A1Testsuite.Implementierungen.a_solo_2_Tests.TF_A_F7_1_Auswahl_freier_Sitzplaetze" storage="/home/alex/dev/bachelor/bmad-vergleichsstudie/a1-testsuite/xunit-project/bin/debug/net10.0/xunit-project.dll" id="f01d1da1-d37e-4bdf-3290-14261fb16889">
      <Execution id="10c07c7f-4325-4db2-a66a-07c0ae6ee7c1" />
      <TestMethod codeBase="/home/alex/dev/Bachelor/bmad-vergleichsstudie/a1-testsuite/xunit-project/bin/Debug/net10.0/xunit-project.dll" adapterTypeName="executor://xunit/VsTestRunner3/netcore/" className="A1Testsuite.Implementierungen.a_solo_2_Tests" name="TF_A_F7_1_Auswahl_freier_Sitzplaetze" />
    </UnitTest>
    <UnitTest name="A1Testsuite.Implementierungen.a_solo_2_Tests.TF_A_F13_2_Ablehnung_bei_bereits_belegtem_Platz" storage="/home/alex/dev/bachelor/bmad-vergleichsstudie/a1-testsuite/xunit-project/bin/debug/net10.0/xunit-project.dll" id="748d9ea1-8e5e-a787-e26e-e14bb97bcd09">
      <Execution id="806606c2-0996-4873-984c-7e33241fca25" />
      <TestMethod codeBase="/home/alex/dev/Bachelor/bmad-vergleichsstudie/a1-testsuite/xunit-project/bin/Debug/net10.0/xunit-project.dll" adapterTypeName="executor://xunit/VsTestRunner3/netcore/" className="A1Testsuite.Implementierungen.a_solo_2_Tests" name="TF_A_F13_2_Ablehnung_bei_bereits_belegtem_Platz" />
    </UnitTest>
    <UnitTest name="A1Testsuite.Implementierungen.a_solo_2_Tests.TF_A_F5_2_Sitzplan_ohne_Gang" storage="/home/alex/dev/bachelor/bmad-vergleichsstudie/a1-testsuite/xunit-project/bin/debug/net10.0/xunit-project.dll" id="9f06c883-5408-5954-e54f-37f1606bd833">
      <Execution id="84902d3c-9285-4840-ab5e-840e3dfb766d" />
      <TestMethod codeBase="/home/alex/dev/Bachelor/bmad-vergleichsstudie/a1-testsuite/xunit-project/bin/Debug/net10.0/xunit-project.dll" adapterTypeName="executor://xunit/VsTestRunner3/netcore/" className="A1Testsuite.Implementierungen.a_solo_2_Tests" name="TF_A_F5_2_Sitzplan_ohne_Gang" />
    </UnitTest>
    <UnitTest name="A1Testsuite.Implementierungen.a_solo_2_Tests.TF_A_F2_1_Filter_nach_Datumsbereich" storage="/home/alex/dev/bachelor/bmad-vergleichsstudie/a1-testsuite/xunit-project/bin/debug/net10.0/xunit-project.dll" id="b3681a7d-668b-2b9f-66ef-9f7afe67d536">
      <Execution id="a3b1475c-6625-4d11-b411-fba3336fd02b" />
      <TestMethod codeBase="/home/alex/dev/Bachelor/bmad-vergleichsstudie/a1-testsuite/xunit-project/bin/Debug/net10.0/xunit-project.dll" adapterTypeName="executor://xunit/VsTestRunner3/netcore/" className="A1Testsuite.Implementierungen.a_solo_2_Tests" name="TF_A_F2_1_Filter_nach_Datumsbereich" />
    </UnitTest>
    <UnitTest name="A1Testsuite.Implementierungen.a_solo_2_Tests.TF_A_F9_1_Gesamtpreisberechnung" storage="/home/alex/dev/bachelor/bmad-vergleichsstudie/a1-testsuite/xunit-project/bin/debug/net10.0/xunit-project.dll" id="9f04bf3b-a460-37ec-56a5-807b26a108f2">
      <Execution id="1759c8d9-8f13-4e45-b6a2-76290698c6a6" />
      <TestMethod codeBase="/home/alex/dev/Bachelor/bmad-vergleichsstudie/a1-testsuite/xunit-project/bin/Debug/net10.0/xunit-project.dll" adapterTypeName="executor://xunit/VsTestRunner3/netcore/" className="A1Testsuite.Implementierungen.a_solo_2_Tests" name="TF_A_F9_1_Gesamtpreisberechnung" />
    </UnitTest>
    <UnitTest name="A1Testsuite.Implementierungen.a_solo_2_Tests.TF_A_F13_1_Buchung_mit_zwei_freien_Plaetzen_wird_angelegt" storage="/home/alex/dev/bachelor/bmad-vergleichsstudie/a1-testsuite/xunit-project/bin/debug/net10.0/xunit-project.dll" id="6b6a1c11-3cd9-aa74-42df-c463b55dad00">
      <Execution id="4d8497e1-c332-4345-83ef-49203730d71d" />
      <TestMethod codeBase="/home/alex/dev/Bachelor/bmad-vergleichsstudie/a1-testsuite/xunit-project/bin/Debug/net10.0/xunit-project.dll" adapterTypeName="executor://xunit/VsTestRunner3/netcore/" className="A1Testsuite.Implementierungen.a_solo_2_Tests" name="TF_A_F13_1_Buchung_mit_zwei_freien_Plaetzen_wird_angelegt" />
    </UnitTest>
    <UnitTest name="A1Testsuite.Implementierungen.a_solo_2_Tests.TF_A_F1_1_Veranstaltungsliste_ohne_Filter" storage="/home/alex/dev/bachelor/bmad-vergleichsstudie/a1-testsuite/xunit-project/bin/debug/net10.0/xunit-project.dll" id="ba9b7212-f6d7-f376-8fec-d640233bd20d">
      <Execution id="bede4308-d745-44bf-976e-7352e626f9d2" />
      <TestMethod codeBase="/home/alex/dev/Bachelor/bmad-vergleichsstudie/a1-testsuite/xunit-project/bin/Debug/net10.0/xunit-project.dll" adapterTypeName="executor://xunit/VsTestRunner3/netcore/" className="A1Testsuite.Implementierungen.a_solo_2_Tests" name="TF_A_F1_1_Veranstaltungsliste_ohne_Filter" />
    </UnitTest>
    <UnitTest name="A1Testsuite.Implementierungen.a_solo_2_Tests.TF_A_F6_1_Belegte_und_freie_Plaetze_sowie_Gang" storage="/home/alex/dev/bachelor/bmad-vergleichsstudie/a1-testsuite/xunit-project/bin/debug/net10.0/xunit-project.dll" id="a976a881-bb77-e672-d939-e5f3b29bd349">
      <Execution id="5311cfc4-3df9-4c22-8625-419f6971f527" />
      <TestMethod codeBase="/home/alex/dev/Bachelor/bmad-vergleichsstudie/a1-testsuite/xunit-project/bin/Debug/net10.0/xunit-project.dll" adapterTypeName="executor://xunit/VsTestRunner3/netcore/" className="A1Testsuite.Implementierungen.a_solo_2_Tests" name="TF_A_F6_1_Belegte_und_freie_Plaetze_sowie_Gang" />
    </UnitTest>
    <UnitTest name="A1Testsuite.Implementierungen.a_solo_2_Tests.TF_A_F5_1_Sitzplan_mit_beidseitigen_Seitengaengen" storage="/home/alex/dev/bachelor/bmad-vergleichsstudie/a1-testsuite/xunit-project/bin/debug/net10.0/xunit-project.dll" id="ae8f1975-862c-b3a8-1e25-8a452b7b431a">
      <Execution id="d0dc89a2-98b1-4452-8985-7c2f19ff449a" />
      <TestMethod codeBase="/home/alex/dev/Bachelor/bmad-vergleichsstudie/a1-testsuite/xunit-project/bin/Debug/net10.0/xunit-project.dll" adapterTypeName="executor://xunit/VsTestRunner3/netcore/" className="A1Testsuite.Implementierungen.a_solo_2_Tests" name="TF_A_F5_1_Sitzplan_mit_beidseitigen_Seitengaengen" />
    </UnitTest>
    <UnitTest name="A1Testsuite.Implementierungen.a_solo_2_Tests.TF_A_F8_1_Preiskategorien" storage="/home/alex/dev/bachelor/bmad-vergleichsstudie/a1-testsuite/xunit-project/bin/debug/net10.0/xunit-project.dll" id="c61538a4-7c56-1077-3f6e-73d563e91cfc">
      <Execution id="ac6bc4d6-633f-46a6-858a-0dc68d08bd4c" />
      <TestMethod codeBase="/home/alex/dev/Bachelor/bmad-vergleichsstudie/a1-testsuite/xunit-project/bin/Debug/net10.0/xunit-project.dll" adapterTypeName="executor://xunit/VsTestRunner3/netcore/" className="A1Testsuite.Implementierungen.a_solo_2_Tests" name="TF_A_F8_1_Preiskategorien" />
    </UnitTest>
  </TestDefinitions>
  <TestEntries>
    <TestEntry testId="ae8f1975-862c-b3a8-1e25-8a452b7b431a" executionId="d0dc89a2-98b1-4452-8985-7c2f19ff449a" testListId="8c84fa94-04c1-424b-9868-57a2d4851a1d" />
    <TestEntry testId="a976a881-bb77-e672-d939-e5f3b29bd349" executionId="5311cfc4-3df9-4c22-8625-419f6971f527" testListId="8c84fa94-04c1-424b-9868-57a2d4851a1d" />
    <TestEntry testId="5362aaaf-183c-501b-4dcf-d1e14fd59b52" executionId="31f4d0a3-3668-46ed-877f-7c96635db89a" testListId="8c84fa94-04c1-424b-9868-57a2d4851a1d" />
    <TestEntry testId="6b6a1c11-3cd9-aa74-42df-c463b55dad00" executionId="4d8497e1-c332-4345-83ef-49203730d71d" testListId="8c84fa94-04c1-424b-9868-57a2d4851a1d" />
    <TestEntry testId="c61538a4-7c56-1077-3f6e-73d563e91cfc" executionId="ac6bc4d6-633f-46a6-858a-0dc68d08bd4c" testListId="8c84fa94-04c1-424b-9868-57a2d4851a1d" />
    <TestEntry testId="b3681a7d-668b-2b9f-66ef-9f7afe67d536" executionId="a3b1475c-6625-4d11-b411-fba3336fd02b" testListId="8c84fa94-04c1-424b-9868-57a2d4851a1d" />
    <TestEntry testId="9f06c883-5408-5954-e54f-37f1606bd833" executionId="84902d3c-9285-4840-ab5e-840e3dfb766d" testListId="8c84fa94-04c1-424b-9868-57a2d4851a1d" />
    <TestEntry testId="1c58a369-2f1c-a3fd-fefd-c6e8d844f38c" executionId="b3a48b28-5f91-44c1-9c19-6dc9b2f51db3" testListId="8c84fa94-04c1-424b-9868-57a2d4851a1d" />
    <TestEntry testId="70229f03-729e-dcb4-fba5-233ef08b9b86" executionId="1c51fa32-b914-4980-a186-7cd3ae1d7d36" testListId="8c84fa94-04c1-424b-9868-57a2d4851a1d" />
    <TestEntry testId="f01d1da1-d37e-4bdf-3290-14261fb16889" executionId="10c07c7f-4325-4db2-a66a-07c0ae6ee7c1" testListId="8c84fa94-04c1-424b-9868-57a2d4851a1d" />
    <TestEntry testId="9f04bf3b-a460-37ec-56a5-807b26a108f2" executionId="1759c8d9-8f13-4e45-b6a2-76290698c6a6" testListId="8c84fa94-04c1-424b-9868-57a2d4851a1d" />
    <TestEntry testId="ba9b7212-f6d7-f376-8fec-d640233bd20d" executionId="bede4308-d745-44bf-976e-7352e626f9d2" testListId="8c84fa94-04c1-424b-9868-57a2d4851a1d" />
    <TestEntry testId="748d9ea1-8e5e-a787-e26e-e14bb97bcd09" executionId="806606c2-0996-4873-984c-7e33241fca25" testListId="8c84fa94-04c1-424b-9868-57a2d4851a1d" />
  </TestEntries>
  <TestLists>
    <TestList name="Results Not in a List" id="8c84fa94-04c1-424b-9868-57a2d4851a1d" />
    <TestList name="All Loaded Results" id="19431567-8539-422a-85d7-44ee4e166bda" />
  </TestLists>
  <ResultSummary outcome="Completed">
    <Counters total="13" executed="13" passed="13" failed="0" error="0" timeout="0" aborted="0" inconclusive="0" passedButRunAborted="0" notRunnable="0" notExecuted="0" disconnected="0" warning="0" completed="0" inProgress="0" pending="0" />
    <Output>
      <StdOut>[xUnit.net 00:00:00.00] xUnit.net VSTest Adapter v3.1.5+1b188a7b0a (64-bit .NET 10.0.11)
[xUnit.net 00:00:00.09]   Discovering: xunit-project
[xUnit.net 00:00:00.21]   Discovered:  xunit-project
[xUnit.net 00:00:00.31]   Starting:    xunit-project
[xUnit.net 00:00:01.21]   Finished:    xunit-project (ID = '330f316446b6846cebb4bbd40aeeffc0d3c832fa1513aa6723e5d8647986172a')
</StdOut>
    </Output>
  </ResultSummary>
</TestRun>